0 info it worked if it ends with ok
1 verbose cli [ 'C:\\Program Files\\nodejs\\node.exe',
1 verbose cli   'C:\\Program Files\\nodejs\\node_modules\\npm\\bin\\npm-cli.js',
1 verbose cli   'run',
1 verbose cli   'build' ]
2 info using npm@4.0.5
3 info using node@v7.4.0
4 verbose run-script [ 'prebuild', 'build', 'postbuild' ]
5 info lifecycle learnwebapck3@1.0.0~prebuild: learnwebapck3@1.0.0
6 silly lifecycle learnwebapck3@1.0.0~prebuild: no script for prebuild, continuing
7 info lifecycle learnwebapck3@1.0.0~build: learnwebapck3@1.0.0
8 verbose lifecycle learnwebapck3@1.0.0~build: unsafe-perm in lifecycle true
9 verbose lifecycle learnwebapck3@1.0.0~build: PATH: C:\Program Files\nodejs\node_modules\npm\bin\node-gyp-bin;H:\Development\learnwebpack3\node_modules\.bin;C:\ProgramData\Oracle\Java\javapath;C:\Program Files (x86)\Intel\iCLS Client\;C:\Program Files\Intel\iCLS Client\;C:\WINDOWS\system32;C:\WINDOWS;C:\WINDOWS\System32\Wbem;C:\WINDOWS\System32\WindowsPowerShell\v1.0\;C:\Program Files (x86)\ATI Technologies\ATI.ACE\Core-Static;C:\WINDOWS\system32\config\systemprofile\.dnx\bin;C:\Program Files\Microsoft DNX\Dnvm\;C:\Program Files\Microsoft SQL Server\120\Tools\Binn\;C:\Program Files\Microsoft SQL Server\130\Tools\Binn\;C:\Program Files\Microsoft SQL Server\Client SDK\ODBC\130\Tools\Binn\;C:\Program Files (x86)\Microsoft SQL Server\130\Tools\Binn\;C:\Program Files\Microsoft SQL Server\130\DTS\Binn\;C:\Program Files (x86)\Microsoft SQL Server\Client SDK\ODBC\130\Tools\Binn\;C:\Program Files (x86)\Microsoft SQL Server\130\DTS\Binn\;C:\Program Files (x86)\Microsoft SQL Server\130\Tools\Binn\ManagementStudio\;C:\Program Files\nodejs\;C:\Program Files (x86)\Intel\Intel(R) Management Engine Components\DAL;C:\Program Files\Intel\Intel(R) Management Engine Components\DAL;C:\Program Files (x86)\Intel\Intel(R) Management Engine Components\IPT;C:\Program Files\Intel\Intel(R) Management Engine Components\IPT;C:\Program Files\Java\jdk1.8.0_111\bin;C:\Program Files\dotnet\;C:\Program Files\TortoiseGit\bin;C:\Program Files (x86)\Brackets\command;C:\Ruby23-x64\bin;C:\Users\Deepan\AppData\Local\Programs\Python\Python36-32\Scripts\;C:\Users\Deepan\AppData\Local\Programs\Python\Python36-32\;C:\Users\Deepan\AppData\Local\Microsoft\WindowsApps;C:\Users\Deepan\AppData\Roaming\npm;;C:\Program Files\Microsoft VS Code\bin
10 verbose lifecycle learnwebapck3@1.0.0~build: CWD: H:\Development\learnwebpack3
11 silly lifecycle learnwebapck3@1.0.0~build: Args: [ '/d /s /c', 'webpack' ]
12 silly lifecycle learnwebapck3@1.0.0~build: Returned: code: 4294967295  signal: null
13 info lifecycle learnwebapck3@1.0.0~build: Failed to exec build script
14 verbose stack Error: learnwebapck3@1.0.0 build: `webpack`
14 verbose stack Exit status 4294967295
14 verbose stack     at EventEmitter.<anonymous> (C:\Program Files\nodejs\node_modules\npm\lib\utils\lifecycle.js:279:16)
14 verbose stack     at emitTwo (events.js:106:13)
14 verbose stack     at EventEmitter.emit (events.js:191:7)
14 verbose stack     at ChildProcess.<anonymous> (C:\Program Files\nodejs\node_modules\npm\lib\utils\spawn.js:40:14)
14 verbose stack     at emitTwo (events.js:106:13)
14 verbose stack     at ChildProcess.emit (events.js:191:7)
14 verbose stack     at maybeClose (internal/child_process.js:885:16)
14 verbose stack     at Process.ChildProcess._handle.onexit (internal/child_process.js:226:5)
15 verbose pkgid learnwebapck3@1.0.0
16 verbose cwd H:\Development\learnwebpack3
17 error Windows_NT 10.0.16299
18 error argv "C:\\Program Files\\nodejs\\node.exe" "C:\\Program Files\\nodejs\\node_modules\\npm\\bin\\npm-cli.js" "run" "build"
19 error node v7.4.0
20 error npm  v4.0.5
21 error code ELIFECYCLE
22 error learnwebapck3@1.0.0 build: `webpack`
22 error Exit status 4294967295
23 error Failed at the learnwebapck3@1.0.0 build script 'webpack'.
23 error Make sure you have the latest version of node.js and npm installed.
23 error If you do, this is most likely a problem with the learnwebapck3 package,
23 error not with npm itself.
23 error Tell the author that this fails on your system:
23 error     webpack
23 error You can get information on how to open an issue for this project with:
23 error     npm bugs learnwebapck3
23 error Or if that isn't available, you can get their info via:
23 error     npm owner ls learnwebapck3
23 error There is likely additional logging output above.
24 verbose exit [ 1, true ]
